
Showing logs for build [32mcb-kubecd-environment-pr-193-93-2df5b-1[0m stage [32mfrom-build-pack[0m and container [32mstep-credential-initializer-ztsr4[0m
{"level":"warn","ts":1586006715.6854866,"logger":"fallback-logger","caller":"logging/config.go:69","msg":"Fetch GitHub commit ID from kodata failed: \"ref: refs/heads/0.8.0-**-support-backwards-incompats\" is not a valid GitHub commit ID"}
{"level":"info","ts":1586006715.687199,"logger":"fallback-logger","caller":"creds-init/main.go:40","msg":"Credentials initialized."}

Showing logs for build [32mcb-kubecd-environment-pr-193-93-2df5b-1[0m stage [32mfrom-build-pack[0m and container [32mstep-working-dir-initializer-rmq4h[0m
{"level":"warn","ts":1586006716.7450345,"logger":"fallback-logger","caller":"logging/config.go:69","msg":"Fetch GitHub commit ID from kodata failed: open /var/run/ko/HEAD: no such file or directory"}
{"level":"info","ts":1586006716.748237,"logger":"fallback-logger","caller":"bash/main.go:64","msg":"Successfully executed command \"sh -c mkdir -p /workspace/source\"; output "}

Showing logs for build [32mcb-kubecd-environment-pr-193-93-2df5b-1[0m stage [32mfrom-build-pack[0m and container [32mstep-place-tools[0m

Showing logs for build [32mcb-kubecd-environment-pr-193-93-2df5b-1[0m stage [32mfrom-build-pack[0m and container [32mstep-git-source-cb-kubecd-environment-pr-193-93-2df5b-n4rpv[0m
{"level":"warn","ts":1586006723.0853033,"logger":"fallback-logger","caller":"logging/config.go:69","msg":"Fetch GitHub commit ID from kodata failed: \"ref: refs/heads/0.8.0-**-support-backwards-incompats\" is not a valid GitHub commit ID"}
{"level":"info","ts":1586006724.2045999,"logger":"fallback-logger","caller":"git/git.go:103","msg":"Successfully cloned https://github.com/cb-kubecd/environment-pr-193-93-boot-gke-staging.git @ master in path /workspace/source"}

Showing logs for build [32mcb-kubecd-environment-pr-193-93-2df5b-1[0m stage [32mfrom-build-pack[0m and container [32mstep-git-merge[0m
Using SHAs from PULL_REFS=master:36c4a5a495461d9de82ce0c5d969f788f9d49c78,5:a7bb68b47fd456526d428f5a3c1cb83ff60e854e
DEBUG: LC_ALL=C JX_LOG_LEVEL=error git fetch origin --unshallow a7bb68b47fd456526d428f5a3c1cb83ff60e854e: 36c4a5a495461d9de82ce0c5d969f788f9d49c78:
DEBUG: ran git fetch --unshallow origin a7bb68b47fd456526d428f5a3c1cb83ff60e854e: 36c4a5a495461d9de82ce0c5d969f788f9d49c78: in 
DEBUG: LC_ALL=C JX_LOG_LEVEL=error git branch
DEBUG: LC_ALL=C JX_LOG_LEVEL=error git checkout master
DEBUG: ran git checkout master in 
DEBUG: LC_ALL=C JX_LOG_LEVEL=error git reset --hard 36c4a5a495461d9de82ce0c5d969f788f9d49c78
DEBUG: ran git reset --hard 36c4a5a495461d9de82ce0c5d969f788f9d49c78 in 
DEBUG: LC_ALL=C JX_LOG_LEVEL=error git clean -fd .
DEBUG: ran clean --force -d . in 
DEBUG: JX_LOG_LEVEL=error LC_ALL=C git merge a7bb68b47fd456526d428f5a3c1cb83ff60e854e
DEBUG: ran git merge a7bb68b47fd456526d428f5a3c1cb83ff60e854e in 
DEBUG: LC_ALL=C JX_LOG_LEVEL=error git log --format=%H%x1f%an%x1f%ae%x1f%cn%x1f%ce%x1f%s%n%b%x1e 36c4a5a495461d9de82ce0c5d969f788f9d49c78..HEAD
Merged SHA a7bb68b47fd456526d428f5a3c1cb83ff60e854e with commit message 'chore: Promote bdd-sbrp-import-1586006370 to version 0.0.1' into base branch master

Showing logs for build [32mcb-kubecd-environment-pr-193-93-2df5b-1[0m stage [32mfrom-build-pack[0m and container [32mstep-build-helm-build[0m
WARNING: No $CHART_REPOSITORY defined so using the default value of: http://jenkins-x-chartmuseum:8080
Adding missing Helm repo: storage.googleapis.com https://storage.googleapis.com/chartmuseum.jenkins-x.io
WARNING: No secrets found on "helm/repos" due: reading the secret "helm/repos" from vault: no secret "helm/repos" not found in vault
Read credentials for https://storage.googleapis.com/chartmuseum.jenkins-x.io from vault helm/repos
Successfully added Helm repository storage.googleapis.com.
Adding missing Helm repo: jenkins-x-chartmuseum http://jenkins-x-chartmuseum:8080
WARNING: No secrets found on "helm/repos" due: reading the secret "helm/repos" from vault: no secret "helm/repos" not found in vault
Read credentials for http://jenkins-x-chartmuseum:8080 from vault helm/repos
Successfully added Helm repository jenkins-x-chartmuseum.
WARNING: No $CHART_REPOSITORY defined so using the default value of: http://jenkins-x-chartmuseum:8080
Adding missing Helm repo: chartmuseum.jenkins-x.io http://chartmuseum.jenkins-x.io
WARNING: No secrets found on "helm/repos" due: reading the secret "helm/repos" from vault: no secret "helm/repos" not found in vault
Read credentials for http://chartmuseum.jenkins-x.io from vault helm/repos
Successfully added Helm repository chartmuseum.jenkins-x.io.
